<?xml version="1.0" encoding="UTF-8"?>
<testsuite name="com.mega.book.springboot.web.dto.HelloResponseDtoTest" tests="1" skipped="0" failures="0" errors="0" timestamp="2022-10-07T04:32:28" hostname="DESKTOP-DAU345R" time="0.001">
  <properties/>
  <testcase name="loombookTest" classname="com.mega.book.springboot.web.dto.HelloResponseDtoTest" time="0.001"/>
  <system-out><![CDATA[]]></system-out>
  <system-err><![CDATA[]]></system-err>
</testsuite>
