<?xml version="1.0" encoding="UTF-8"?>
<testsuite name="com.mega.book.springboot.domain.posts.PostsRepositoryTest" tests="2" skipped="0" failures="0" errors="0" timestamp="2022-10-07T04:32:26" hostname="DESKTOP-DAU345R" time="0.168">
  <properties/>
  <testcase name="게시물저장_불러오기" classname="com.mega.book.springboot.domain.posts.PostsRepositoryTest" time="0.157"/>
  <testcase name="BaseTimeEntity_등록" classname="com.mega.book.springboot.domain.posts.PostsRepositoryTest" time="0.01"/>
  <system-out><![CDATA[2022-10-07 13:32:22.405  INFO 18468 --- [    Test worker] .b.t.c.SpringBootTestContextBootstrapper : Neither @ContextConfiguration nor @ContextHierarchy found for test class [com.mega.book.springboot.domain.posts.PostsRepositoryTest], using SpringBootContextLoader
2022-10-07 13:32:22.405  INFO 18468 --- [    Test worker] o.s.t.c.support.AbstractContextLoader    : Could not detect default resource locations for test class [com.mega.book.springboot.domain.posts.PostsRepositoryTest]: no resource found for suffixes {-context.xml, Context.groovy}.
2022-10-07 13:32:22.406  INFO 18468 --- [    Test worker] t.c.s.AnnotationConfigContextLoaderUtils : Could not detect default configuration classes for test class [com.mega.book.springboot.domain.posts.PostsRepositoryTest]: PostsRepositoryTest does not declare any static, non-private, non-final, nested classes annotated with @Configuration.
2022-10-07 13:32:22.416  INFO 18468 --- [    Test worker] .b.t.c.SpringBootTestContextBootstrapper : Found @SpringBootConfiguration com.mega.book.springboot.Application for test class com.mega.book.springboot.domain.posts.PostsRepositoryTest
2022-10-07 13:32:22.418  INFO 18468 --- [    Test worker] .b.t.c.SpringBootTestContextBootstrapper : Loaded default TestExecutionListener class names from location [META-INF/spring.factories]: [org.springframework.security.test.context.support.WithSecurityContextTestExecutionListener, org.springframework.security.test.context.support.ReactorContextTestExecutionListener, org.springframework.boot.test.autoconfigure.restdocs.RestDocsTestExecutionListener, org.springframework.boot.test.autoconfigure.web.client.MockRestServiceServerResetTestExecutionListener, org.springframework.boot.test.autoconfigure.web.servlet.MockMvcPrintOnlyOnFailureTestExecutionListener, org.springframework.boot.test.autoconfigure.web.servlet.WebDriverTestExecutionListener, org.springframework.boot.test.mock.mockito.MockitoTestExecutionListener, org.springframework.boot.test.mock.mockito.ResetMocksTestExecutionListener, org.springframework.test.context.web.ServletTestExecutionListener, org.springframework.test.context.support.DirtiesContextBeforeModesTestExecutionListener, org.springframework.test.context.support.DependencyInjectionTestExecutionListener, org.springframework.test.context.support.DirtiesContextTestExecutionListener, org.springframework.test.context.transaction.TransactionalTestExecutionListener, org.springframework.test.context.jdbc.SqlScriptsTestExecutionListener]
2022-10-07 13:32:22.419  INFO 18468 --- [    Test worker] .b.t.c.SpringBootTestContextBootstrapper : Using TestExecutionListeners: [org.springframework.test.context.web.ServletTestExecutionListener@6d969330, org.springframework.test.context.support.DirtiesContextBeforeModesTestExecutionListener@4861cca9, org.springframework.boot.test.mock.mockito.MockitoTestExecutionListener@6c8f4bc7, org.springframework.boot.test.autoconfigure.SpringBootDependencyInjectionTestExecutionListener@714e861f, org.springframework.test.context.support.DirtiesContextTestExecutionListener@28989415, org.springframework.test.context.transaction.TransactionalTestExecutionListener@6eda012b, org.springframework.test.context.jdbc.SqlScriptsTestExecutionListener@781dbe44, org.springframework.security.test.context.support.WithSecurityContextTestExecutionListener@7d66a126, org.springframework.security.test.context.support.ReactorContextTestExecutionListener@1132baa3, org.springframework.boot.test.autoconfigure.restdocs.RestDocsTestExecutionListener@2fdf22f7, org.springframework.boot.test.autoconfigure.web.client.MockRestServiceServerResetTestExecutionListener@3a2546d6, org.springframework.boot.test.autoconfigure.web.servlet.MockMvcPrintOnlyOnFailureTestExecutionListener@7282af25, org.springframework.boot.test.autoconfigure.web.servlet.WebDriverTestExecutionListener@7661e474, org.springframework.boot.test.mock.mockito.ResetMocksTestExecutionListener@20ffb8d5]

  .   ____          _            __ _ _
 /\\ / ___'_ __ _ _(_)_ __  __ _ \ \ \ \
( ( )\___ | '_ | '_| | '_ \/ _` | \ \ \ \
 \\/  ___)| |_)| | | | | || (_| |  ) ) ) )
  '  |____| .__|_| |_|_| |_\__, | / / / /
 =========|_|==============|___/=/_/_/_/
 :: Spring Boot ::        (v2.1.7.RELEASE)

2022-10-07 13:32:22.462  INFO 18468 --- [    Test worker] c.m.b.s.d.posts.PostsRepositoryTest      : Starting PostsRepositoryTest on DESKTOP-DAU345R with PID 18468 (started by 82103 in C:\AWSWork\Book-webservice)
2022-10-07 13:32:22.462  INFO 18468 --- [    Test worker] c.m.b.s.d.posts.PostsRepositoryTest      : The following profiles are active: oauth
2022-10-07 13:32:22.834  INFO 18468 --- [    Test worker] .s.d.r.c.RepositoryConfigurationDelegate : Bootstrapping Spring Data repositories in DEFAULT mode.
2022-10-07 13:32:22.899  INFO 18468 --- [    Test worker] .s.d.r.c.RepositoryConfigurationDelegate : Finished Spring Data repository scanning in 59ms. Found 2 repository interfaces.
2022-10-07 13:32:23.174  INFO 18468 --- [    Test worker] trationDelegate$BeanPostProcessorChecker : Bean 'org.springframework.transaction.annotation.ProxyTransactionManagementConfiguration' of type [org.springframework.transaction.annotation.ProxyTransactionManagementConfiguration$$EnhancerBySpringCGLIB$$c199cc08] is not eligible for getting processed by all BeanPostProcessors (for example: not eligible for auto-proxying)
2022-10-07 13:32:23.346  INFO 18468 --- [    Test worker] com.zaxxer.hikari.HikariDataSource       : HikariPool-1 - Starting...
2022-10-07 13:32:23.501  INFO 18468 --- [    Test worker] com.zaxxer.hikari.HikariDataSource       : HikariPool-1 - Start completed.
2022-10-07 13:32:23.599  INFO 18468 --- [    Test worker] o.hibernate.jpa.internal.util.LogHelper  : HHH000204: Processing PersistenceUnitInfo [
	name: default
	...]
2022-10-07 13:32:23.689  INFO 18468 --- [    Test worker] org.hibernate.Version                    : HHH000412: Hibernate Core {5.3.10.Final}
2022-10-07 13:32:23.697  INFO 18468 --- [    Test worker] org.hibernate.cfg.Environment            : HHH000206: hibernate.properties not found
2022-10-07 13:32:23.757  INFO 18468 --- [    Test worker] o.hibernate.annotations.common.Version   : HCANN000001: Hibernate Commons Annotations {5.0.4.Final}
2022-10-07 13:32:23.922  INFO 18468 --- [    Test worker] org.hibernate.dialect.Dialect            : HHH000400: Using dialect: org.hibernate.dialect.MySQL5InnoDBDialect
Hibernate: drop table if exists posts
Hibernate: drop table if exists user
Hibernate: create table posts (id bigint not null auto_increment, created_date datetime, modified_date datetime, author varchar(255), content TEXT not null, title varchar(500) not null, primary key (id)) engine=InnoDB
Hibernate: create table user (id bigint not null auto_increment, created_date datetime, modified_date datetime, email varchar(255) not null, name varchar(255) not null, picture varchar(255), role varchar(255) not null, primary key (id)) engine=InnoDB
2022-10-07 13:32:24.608  INFO 18468 --- [    Test worker] o.h.t.schema.internal.SchemaCreatorImpl  : HHH000476: Executing import script 'org.hibernate.tool.schema.internal.exec.ScriptSourceInputNonExistentImpl@646ddc20'
2022-10-07 13:32:24.612  INFO 18468 --- [    Test worker] j.LocalContainerEntityManagerFactoryBean : Initialized JPA EntityManagerFactory for persistence unit 'default'
2022-10-07 13:32:25.097  INFO 18468 --- [    Test worker] o.h.h.i.QueryTranslatorFactoryInitiator  : HHH000397: Using ASTQueryTranslatorFactory
2022-10-07 13:32:25.364  INFO 18468 --- [    Test worker] o.s.s.web.DefaultSecurityFilterChain     : Creating filter chain: any request, [org.springframework.security.web.context.request.async.WebAsyncManagerIntegrationFilter@32d3b965, org.springframework.security.web.context.SecurityContextPersistenceFilter@6abca7a6, org.springframework.security.web.header.HeaderWriterFilter@5f510929, org.springframework.security.web.authentication.logout.LogoutFilter@949165f, org.springframework.security.oauth2.client.web.OAuth2AuthorizationRequestRedirectFilter@6f09cb98, org.springframework.security.oauth2.client.web.OAuth2LoginAuthenticationFilter@7c7a4986, org.springframework.security.web.authentication.ui.DefaultLoginPageGeneratingFilter@64710a6, org.springframework.security.web.authentication.ui.DefaultLogoutPageGeneratingFilter@7fb2645b, org.springframework.security.web.savedrequest.RequestCacheAwareFilter@12bb8943, org.springframework.security.web.servletapi.SecurityContextHolderAwareRequestFilter@45f4c27c, org.springframework.security.web.authentication.AnonymousAuthenticationFilter@16160a37, org.springframework.security.web.session.SessionManagementFilter@55a2ca5e, org.springframework.security.web.access.ExceptionTranslationFilter@1d9cac6e, org.springframework.security.web.access.intercept.FilterSecurityInterceptor@1a916120]
2022-10-07 13:32:25.701  INFO 18468 --- [    Test worker] o.s.s.concurrent.ThreadPoolTaskExecutor  : Initializing ExecutorService 'applicationTaskExecutor'
2022-10-07 13:32:25.717  WARN 18468 --- [    Test worker] aWebConfiguration$JpaWebMvcConfiguration : spring.jpa.open-in-view is enabled by default. Therefore, database queries may be performed during view rendering. Explicitly configure spring.jpa.open-in-view to disable this warning
2022-10-07 13:32:25.746  INFO 18468 --- [    Test worker] o.s.b.a.w.s.WelcomePageHandlerMapping    : Adding welcome page template: index
2022-10-07 13:32:26.154  INFO 18468 --- [    Test worker] s.a.ScheduledAnnotationBeanPostProcessor : No TaskScheduler/ScheduledExecutorService bean found for scheduled processing
2022-10-07 13:32:26.160  INFO 18468 --- [    Test worker] c.m.b.s.d.posts.PostsRepositoryTest      : Started PostsRepositoryTest in 3.74 seconds (JVM running for 7.668)
Hibernate: insert into posts (created_date, modified_date, author, content, title) values (?, ?, ?, ?, ?)
Hibernate: select posts0_.id as id1_0_, posts0_.created_date as created_2_0_, posts0_.modified_date as modified3_0_, posts0_.author as author4_0_, posts0_.content as content5_0_, posts0_.title as title6_0_ from posts posts0_
Hibernate: select posts0_.id as id1_0_, posts0_.created_date as created_2_0_, posts0_.modified_date as modified3_0_, posts0_.author as author4_0_, posts0_.content as content5_0_, posts0_.title as title6_0_ from posts posts0_
Hibernate: delete from posts where id=?
Hibernate: insert into posts (created_date, modified_date, author, content, title) values (?, ?, ?, ?, ?)
Hibernate: select posts0_.id as id1_0_, posts0_.created_date as created_2_0_, posts0_.modified_date as modified3_0_, posts0_.author as author4_0_, posts0_.content as content5_0_, posts0_.title as title6_0_ from posts posts0_
>>>>>>>>>> createDate=2022-10-07T13:32:26.325256, modifiedDate=2022-10-07T13:32:26.325256Hibernate: select posts0_.id as id1_0_, posts0_.created_date as created_2_0_, posts0_.modified_date as modified3_0_, posts0_.author as author4_0_, posts0_.content as content5_0_, posts0_.title as title6_0_ from posts posts0_
Hibernate: delete from posts where id=?
]]></system-out>
  <system-err><![CDATA[]]></system-err>
</testsuite>
