<?xml version="1.0" encoding="UTF-8"?>
<testsuite name="com.mega.book.springboot.web.IndexControllerTest" tests="1" skipped="0" failures="0" errors="0" timestamp="2022-10-07T04:32:28" hostname="DESKTOP-DAU345R" time="0.167">
  <properties/>
  <testcase name="메인페이지_로딩" classname="com.mega.book.springboot.web.IndexControllerTest" time="0.167"/>
  <system-out><![CDATA[2022-10-07 13:32:26.337  INFO 18468 --- [    Test worker] .b.t.c.SpringBootTestContextBootstrapper : Neither @ContextConfiguration nor @ContextHierarchy found for test class [com.mega.book.springboot.web.IndexControllerTest], using SpringBootContextLoader
2022-10-07 13:32:26.338  INFO 18468 --- [    Test worker] o.s.t.c.support.AbstractContextLoader    : Could not detect default resource locations for test class [com.mega.book.springboot.web.IndexControllerTest]: no resource found for suffixes {-context.xml, Context.groovy}.
2022-10-07 13:32:26.338  INFO 18468 --- [    Test worker] t.c.s.AnnotationConfigContextLoaderUtils : Could not detect default configuration classes for test class [com.mega.book.springboot.web.IndexControllerTest]: IndexControllerTest does not declare any static, non-private, non-final, nested classes annotated with @Configuration.
2022-10-07 13:32:26.339  INFO 18468 --- [    Test worker] .b.t.c.SpringBootTestContextBootstrapper : Found @SpringBootConfiguration com.mega.book.springboot.Application for test class com.mega.book.springboot.web.IndexControllerTest
2022-10-07 13:32:26.341  INFO 18468 --- [    Test worker] .b.t.c.SpringBootTestContextBootstrapper : Loaded default TestExecutionListener class names from location [META-INF/spring.factories]: [org.springframework.security.test.context.support.WithSecurityContextTestExecutionListener, org.springframework.security.test.context.support.ReactorContextTestExecutionListener, org.springframework.boot.test.autoconfigure.restdocs.RestDocsTestExecutionListener, org.springframework.boot.test.autoconfigure.web.client.MockRestServiceServerResetTestExecutionListener, org.springframework.boot.test.autoconfigure.web.servlet.MockMvcPrintOnlyOnFailureTestExecutionListener, org.springframework.boot.test.autoconfigure.web.servlet.WebDriverTestExecutionListener, org.springframework.boot.test.mock.mockito.MockitoTestExecutionListener, org.springframework.boot.test.mock.mockito.ResetMocksTestExecutionListener, org.springframework.test.context.web.ServletTestExecutionListener, org.springframework.test.context.support.DirtiesContextBeforeModesTestExecutionListener, org.springframework.test.context.support.DependencyInjectionTestExecutionListener, org.springframework.test.context.support.DirtiesContextTestExecutionListener, org.springframework.test.context.transaction.TransactionalTestExecutionListener, org.springframework.test.context.jdbc.SqlScriptsTestExecutionListener]
2022-10-07 13:32:26.342  INFO 18468 --- [    Test worker] .b.t.c.SpringBootTestContextBootstrapper : Using TestExecutionListeners: [org.springframework.test.context.web.ServletTestExecutionListener@38624a3a, org.springframework.test.context.support.DirtiesContextBeforeModesTestExecutionListener@23b02f37, org.springframework.boot.test.mock.mockito.MockitoTestExecutionListener@73cdf5f9, org.springframework.boot.test.autoconfigure.SpringBootDependencyInjectionTestExecutionListener@7d619bcb, org.springframework.test.context.support.DirtiesContextTestExecutionListener@57f83dc7, org.springframework.test.context.transaction.TransactionalTestExecutionListener@75937998, org.springframework.test.context.jdbc.SqlScriptsTestExecutionListener@696d28ee, org.springframework.security.test.context.support.WithSecurityContextTestExecutionListener@18a349cb, org.springframework.security.test.context.support.ReactorContextTestExecutionListener@ea3491d, org.springframework.boot.test.autoconfigure.restdocs.RestDocsTestExecutionListener@6012bee8, org.springframework.boot.test.autoconfigure.web.client.MockRestServiceServerResetTestExecutionListener@60b8c05c, org.springframework.boot.test.autoconfigure.web.servlet.MockMvcPrintOnlyOnFailureTestExecutionListener@62d72091, org.springframework.boot.test.autoconfigure.web.servlet.WebDriverTestExecutionListener@76a86677, org.springframework.boot.test.mock.mockito.ResetMocksTestExecutionListener@3b863b4]

  .   ____          _            __ _ _
 /\\ / ___'_ __ _ _(_)_ __  __ _ \ \ \ \
( ( )\___ | '_ | '_| | '_ \/ _` | \ \ \ \
 \\/  ___)| |_)| | | | | || (_| |  ) ) ) )
  '  |____| .__|_| |_|_| |_\__, | / / / /
 =========|_|==============|___/=/_/_/_/
 :: Spring Boot ::        (v2.1.7.RELEASE)

2022-10-07 13:32:26.383  INFO 18468 --- [    Test worker] c.m.b.s.web.IndexControllerTest          : Starting IndexControllerTest on DESKTOP-DAU345R with PID 18468 (started by 82103 in C:\AWSWork\Book-webservice)
2022-10-07 13:32:26.383  INFO 18468 --- [    Test worker] c.m.b.s.web.IndexControllerTest          : The following profiles are active: oauth
2022-10-07 13:32:26.583  INFO 18468 --- [    Test worker] .s.d.r.c.RepositoryConfigurationDelegate : Bootstrapping Spring Data repositories in DEFAULT mode.
2022-10-07 13:32:26.611  INFO 18468 --- [    Test worker] .s.d.r.c.RepositoryConfigurationDelegate : Finished Spring Data repository scanning in 28ms. Found 2 repository interfaces.
2022-10-07 13:32:26.685  INFO 18468 --- [    Test worker] trationDelegate$BeanPostProcessorChecker : Bean 'org.springframework.transaction.annotation.ProxyTransactionManagementConfiguration' of type [org.springframework.transaction.annotation.ProxyTransactionManagementConfiguration$$EnhancerBySpringCGLIB$$c199cc08] is not eligible for getting processed by all BeanPostProcessors (for example: not eligible for auto-proxying)
2022-10-07 13:32:26.921  INFO 18468 --- [    Test worker] o.s.b.w.embedded.tomcat.TomcatWebServer  : Tomcat initialized with port(s): 0 (http)
2022-10-07 13:32:26.950  INFO 18468 --- [    Test worker] o.apache.catalina.core.StandardService   : Starting service [Tomcat]
2022-10-07 13:32:26.950  INFO 18468 --- [    Test worker] org.apache.catalina.core.StandardEngine  : Starting Servlet engine: [Apache Tomcat/9.0.22]
2022-10-07 13:32:27.111  INFO 18468 --- [    Test worker] o.a.c.c.C.[Tomcat].[localhost].[/]       : Initializing Spring embedded WebApplicationContext
2022-10-07 13:32:27.111  INFO 18468 --- [    Test worker] o.s.web.context.ContextLoader            : Root WebApplicationContext: initialization completed in 727 ms
2022-10-07 13:32:27.296  INFO 18468 --- [    Test worker] com.zaxxer.hikari.HikariDataSource       : HikariPool-2 - Starting...
2022-10-07 13:32:27.297  INFO 18468 --- [    Test worker] com.zaxxer.hikari.HikariDataSource       : HikariPool-2 - Start completed.
2022-10-07 13:32:27.338  INFO 18468 --- [    Test worker] o.hibernate.jpa.internal.util.LogHelper  : HHH000204: Processing PersistenceUnitInfo [
	name: default
	...]
2022-10-07 13:32:27.352  INFO 18468 --- [    Test worker] org.hibernate.dialect.Dialect            : HHH000400: Using dialect: org.hibernate.dialect.MySQL5InnoDBDialect
Hibernate: drop table if exists posts
Hibernate: drop table if exists user
Hibernate: create table posts (id bigint not null auto_increment, created_date datetime, modified_date datetime, author varchar(255), content TEXT not null, title varchar(500) not null, primary key (id)) engine=InnoDB
Hibernate: create table user (id bigint not null auto_increment, created_date datetime, modified_date datetime, email varchar(255) not null, name varchar(255) not null, picture varchar(255), role varchar(255) not null, primary key (id)) engine=InnoDB
2022-10-07 13:32:27.401  INFO 18468 --- [    Test worker] o.h.t.schema.internal.SchemaCreatorImpl  : HHH000476: Executing import script 'org.hibernate.tool.schema.internal.exec.ScriptSourceInputNonExistentImpl@646ddc20'
2022-10-07 13:32:27.401  INFO 18468 --- [    Test worker] j.LocalContainerEntityManagerFactoryBean : Initialized JPA EntityManagerFactory for persistence unit 'default'
2022-10-07 13:32:27.676  INFO 18468 --- [    Test worker] o.h.h.i.QueryTranslatorFactoryInitiator  : HHH000397: Using ASTQueryTranslatorFactory
2022-10-07 13:32:27.792  INFO 18468 --- [    Test worker] o.s.s.web.DefaultSecurityFilterChain     : Creating filter chain: any request, [org.springframework.security.web.context.request.async.WebAsyncManagerIntegrationFilter@d6d88b1, org.springframework.security.web.context.SecurityContextPersistenceFilter@7a273fd7, org.springframework.security.web.header.HeaderWriterFilter@4df9df06, org.springframework.security.web.authentication.logout.LogoutFilter@2c914aa3, org.springframework.security.oauth2.client.web.OAuth2AuthorizationRequestRedirectFilter@1d2b49b2, org.springframework.security.oauth2.client.web.OAuth2LoginAuthenticationFilter@59ffb0af, org.springframework.security.web.authentication.ui.DefaultLoginPageGeneratingFilter@6f8b1902, org.springframework.security.web.authentication.ui.DefaultLogoutPageGeneratingFilter@1268ac94, org.springframework.security.web.savedrequest.RequestCacheAwareFilter@38f1f6c9, org.springframework.security.web.servletapi.SecurityContextHolderAwareRequestFilter@3bf31f3e, org.springframework.security.web.authentication.AnonymousAuthenticationFilter@55c901b2, org.springframework.security.web.session.SessionManagementFilter@6e87556f, org.springframework.security.web.access.ExceptionTranslationFilter@42000298, org.springframework.security.web.access.intercept.FilterSecurityInterceptor@27a717a7]
2022-10-07 13:32:27.931  INFO 18468 --- [    Test worker] o.s.s.concurrent.ThreadPoolTaskExecutor  : Initializing ExecutorService 'applicationTaskExecutor'
2022-10-07 13:32:27.939  WARN 18468 --- [    Test worker] aWebConfiguration$JpaWebMvcConfiguration : spring.jpa.open-in-view is enabled by default. Therefore, database queries may be performed during view rendering. Explicitly configure spring.jpa.open-in-view to disable this warning
2022-10-07 13:32:27.961  INFO 18468 --- [    Test worker] o.s.b.a.w.s.WelcomePageHandlerMapping    : Adding welcome page template: index
2022-10-07 13:32:28.157  INFO 18468 --- [    Test worker] s.a.ScheduledAnnotationBeanPostProcessor : No TaskScheduler/ScheduledExecutorService bean found for scheduled processing
2022-10-07 13:32:28.183  INFO 18468 --- [    Test worker] o.s.b.w.embedded.tomcat.TomcatWebServer  : Tomcat started on port(s): 49904 (http) with context path ''
2022-10-07 13:32:28.184  INFO 18468 --- [    Test worker] c.m.b.s.web.IndexControllerTest          : Started IndexControllerTest in 1.84 seconds (JVM running for 9.691)
2022-10-07 13:32:28.260  INFO 18468 --- [o-auto-1-exec-1] o.a.c.c.C.[Tomcat].[localhost].[/]       : Initializing Spring DispatcherServlet 'dispatcherServlet'
2022-10-07 13:32:28.260  INFO 18468 --- [o-auto-1-exec-1] o.s.web.servlet.DispatcherServlet        : Initializing Servlet 'dispatcherServlet'
2022-10-07 13:32:28.276  INFO 18468 --- [o-auto-1-exec-1] o.s.web.servlet.DispatcherServlet        : Completed initialization in 16 ms
Hibernate: select posts0_.id as id1_0_, posts0_.created_date as created_2_0_, posts0_.modified_date as modified3_0_, posts0_.author as author4_0_, posts0_.content as content5_0_, posts0_.title as title6_0_ from posts posts0_ order by posts0_.id DESC
]]></system-out>
  <system-err><![CDATA[]]></system-err>
</testsuite>
